0:0:0:0:0:0:0:1 - - [08/Jun/2015:05:25:52 +0300] "GET / HTTP/1.1" 200 0
0:0:0:0:0:0:0:1 - - [08/Jun/2015:05:25:53 +0300] "GET /jquery.js HTTP/1.1" 200 0
0:0:0:0:0:0:0:1 - - [08/Jun/2015:05:25:53 +0300] "GET /client_obfuscated.js HTTP/1.1" 200 0
0:0:0:0:0:0:0:1 - - [08/Jun/2015:05:25:53 +0300] "GET /jquery-ui.js HTTP/1.1" 200 0
0:0:0:0:0:0:0:1 - - [08/Jun/2015:05:25:53 +0300] "GET /jquery-ui.css HTTP/1.1" 200 0
0:0:0:0:0:0:0:1 - - [08/Jun/2015:05:25:53 +0300] "GET /jquery-ui.structure.css HTTP/1.1" 200 0
0:0:0:0:0:0:0:1 - - [08/Jun/2015:05:25:53 +0300] "GET /jquery-ui.theme.css HTTP/1.1" 200 0
0:0:0:0:0:0:0:1 - - [08/Jun/2015:05:25:53 +0300] "GET /client_obfuscated.css HTTP/1.1" 200 0
0:0:0:0:0:0:0:1 - - [08/Jun/2015:05:25:57 +0300] "GET /images/ui-bg_glass_100_f6f6f6_1x400.png HTTP/1.1" 200 0
0:0:0:0:0:0:0:1 - - [08/Jun/2015:05:25:57 +0300] "GET /images/ui-bg_highlight-soft_100_eeeeee_1x100.png HTTP/1.1" 200 0
0:0:0:0:0:0:0:1 - - [08/Jun/2015:05:25:57 +0300] "GET /api/game_http_server/who_plays HTTP/1.1" 200 0
0:0:0:0:0:0:0:1 - - [08/Jun/2015:05:25:57 +0300] "GET /api/game_http_server/who_won HTTP/1.1" 200 0
0:0:0:0:0:0:0:1 - - [08/Jun/2015:05:25:58 +0300] "GET /api/game_http_server/who_plays HTTP/1.1" 200 0
0:0:0:0:0:0:0:1 - - [08/Jun/2015:05:25:59 +0300] "GET /api/game_http_server/who_plays HTTP/1.1" 200 0
0:0:0:0:0:0:0:1 - - [08/Jun/2015:05:26:00 +0300] "GET /api/game_http_server/who_plays HTTP/1.1" 200 0
0:0:0:0:0:0:0:1 - - [08/Jun/2015:05:26:01 +0300] "GET /api/game_http_server/who_plays HTTP/1.1" 200 0
0:0:0:0:0:0:0:1 - - [08/Jun/2015:05:26:02 +0300] "GET /api/game_http_server/who_plays HTTP/1.1" 200 0
0:0:0:0:0:0:0:1 - - [08/Jun/2015:05:26:03 +0300] "GET /api/game_http_server/who_plays HTTP/1.1" 200 0
0:0:0:0:0:0:0:1 - - [08/Jun/2015:05:26:04 +0300] "GET /api/game_http_server/who_plays HTTP/1.1" 200 0
0:0:0:0:0:0:0:1 - - [08/Jun/2015:05:26:05 +0300] "GET /api/game_http_server/who_plays HTTP/1.1" 200 0
0:0:0:0:0:0:0:1 - - [08/Jun/2015:05:26:06 +0300] "GET /api/game_http_server/who_plays HTTP/1.1" 200 0
0:0:0:0:0:0:0:1 - - [08/Jun/2015:05:26:07 +0300] "GET /api/game_http_server/who_plays HTTP/1.1" 200 0
0:0:0:0:0:0:0:1 - - [08/Jun/2015:05:26:08 +0300] "GET /images/ui-bg_glass_100_fdf5ce_1x400.png HTTP/1.1" 200 0
0:0:0:0:0:0:0:1 - - [08/Jun/2015:05:26:08 +0300] "GET /images/ui-bg_glass_65_ffffff_1x400.png HTTP/1.1" 200 0
0:0:0:0:0:0:0:1 - - [08/Jun/2015:05:26:08 +0300] "GET /api/game_http_server/who_plays HTTP/1.1" 200 0
0:0:0:0:0:0:0:1 - - [08/Jun/2015:05:26:09 +0300] "GET /api/game_http_server/who_plays HTTP/1.1" 200 0
0:0:0:0:0:0:0:1 - - [08/Jun/2015:05:26:10 +0300] "GET /api/game_http_server/who_plays HTTP/1.1" 200 0
0:0:0:0:0:0:0:1 - - [08/Jun/2015:05:26:11 +0300] "GET /api/game_http_server/who_plays HTTP/1.1" 200 0
0:0:0:0:0:0:0:1 - - [08/Jun/2015:05:26:12 +0300] "GET /api/game_http_server/who_plays HTTP/1.1" 200 0
0:0:0:0:0:0:0:1 - - [08/Jun/2015:05:26:13 +0300] "GET /api/game_http_server/who_plays HTTP/1.1" 200 0
0:0:0:0:0:0:0:1 - - [08/Jun/2015:05:26:14 +0300] "GET /api/game_http_server/who_plays HTTP/1.1" 200 0
0:0:0:0:0:0:0:1 - - [08/Jun/2015:05:26:15 +0300] "GET /api/game_http_server/who_plays HTTP/1.1" 200 0
0:0:0:0:0:0:0:1 - - [08/Jun/2015:05:26:16 +0300] "GET /api/game_http_server/who_plays HTTP/1.1" 200 0
0:0:0:0:0:0:0:1 - - [08/Jun/2015:05:26:17 +0300] "GET /api/game_http_server/who_plays HTTP/1.1" 200 0
0:0:0:0:0:0:0:1 - - [08/Jun/2015:05:26:18 +0300] "GET /api/game_http_server/reset HTTP/1.1" 200 0
0:0:0:0:0:0:0:1 - - [08/Jun/2015:05:26:18 +0300] "GET /api/game_http_server/who_plays HTTP/1.1" 200 0
0:0:0:0:0:0:0:1 - - [08/Jun/2015:05:26:19 +0300] "GET /api/game_http_server/who_plays HTTP/1.1" 200 0
0:0:0:0:0:0:0:1 - - [08/Jun/2015:05:26:20 +0300] "GET /api/game_http_server/who_plays HTTP/1.1" 200 0
0:0:0:0:0:0:0:1 - - [08/Jun/2015:05:26:21 +0300] "GET /api/game_http_server/who_plays HTTP/1.1" 200 0
0:0:0:0:0:0:0:1 - - [08/Jun/2015:05:26:22 +0300] "GET /api/game_http_server/who_plays HTTP/1.1" 200 0
0:0:0:0:0:0:0:1 - - [08/Jun/2015:05:26:23 +0300] "GET /api/game_http_server/who_plays HTTP/1.1" 200 0
0:0:0:0:0:0:0:1 - - [08/Jun/2015:05:26:24 +0300] "GET /api/game_http_server/who_plays HTTP/1.1" 200 0
0:0:0:0:0:0:0:1 - - [08/Jun/2015:05:26:25 +0300] "GET /api/game_http_server/who_plays HTTP/1.1" 200 0
0:0:0:0:0:0:0:1 - - [08/Jun/2015:05:26:26 +0300] "GET /api/game_http_server/who_plays HTTP/1.1" 200 0
0:0:0:0:0:0:0:1 - - [08/Jun/2015:05:26:27 +0300] "GET /api/game_http_server/who_plays HTTP/1.1" 200 0
0:0:0:0:0:0:0:1 - - [08/Jun/2015:05:26:28 +0300] "GET /api/game_http_server/who_plays HTTP/1.1" 200 0
0:0:0:0:0:0:0:1 - - [08/Jun/2015:05:26:29 +0300] "GET /api/game_http_server/who_plays HTTP/1.1" 200 0
0:0:0:0:0:0:0:1 - - [08/Jun/2015:05:26:30 +0300] "GET /api/game_http_server/who_plays HTTP/1.1" 200 0
0:0:0:0:0:0:0:1 - - [08/Jun/2015:05:26:31 +0300] "GET /api/game_http_server/who_plays HTTP/1.1" 200 0
0:0:0:0:0:0:0:1 - - [08/Jun/2015:05:26:32 +0300] "GET /api/game_http_server/who_plays HTTP/1.1" 200 0
0:0:0:0:0:0:0:1 - - [08/Jun/2015:05:26:33 +0300] "GET /api/game_http_server/who_plays HTTP/1.1" 200 0
0:0:0:0:0:0:0:1 - - [08/Jun/2015:05:26:34 +0300] "GET /api/game_http_server/who_plays HTTP/1.1" 200 0
0:0:0:0:0:0:0:1 - - [08/Jun/2015:05:26:35 +0300] "GET /api/game_http_server/who_plays HTTP/1.1" 200 0
0:0:0:0:0:0:0:1 - - [08/Jun/2015:05:26:44 +0300] "GET /images/ui-icons_222222_256x240.png HTTP/1.1" 200 0
0:0:0:0:0:0:0:1 - - [08/Jun/2015:05:26:45 +0300] "GET /api/game_http_server/who_plays HTTP/1.1" 200 0
0:0:0:0:0:0:0:1 - - [08/Jun/2015:05:26:45 +0300] "GET /api/game_http_server/who_won HTTP/1.1" 200 0
0:0:0:0:0:0:0:1 - - [08/Jun/2015:05:26:46 +0300] "GET /api/game_http_server/who_plays HTTP/1.1" 200 0
0:0:0:0:0:0:0:1 - - [08/Jun/2015:05:26:47 +0300] "GET /api/game_http_server/who_plays HTTP/1.1" 200 0
0:0:0:0:0:0:0:1 - - [08/Jun/2015:05:26:47 +0300] "GET /api/game_http_server/make_turn//19/14 HTTP/1.1" 200 0
0:0:0:0:0:0:0:1 - - [08/Jun/2015:05:26:48 +0300] "GET /api/game_http_server/who_plays HTTP/1.1" 200 0
0:0:0:0:0:0:0:1 - - [08/Jun/2015:05:26:49 +0300] "GET /api/game_http_server/who_plays HTTP/1.1" 200 0
0:0:0:0:0:0:0:1 - - [08/Jun/2015:05:26:50 +0300] "GET /api/game_http_server/who_plays HTTP/1.1" 200 0
0:0:0:0:0:0:0:1 - - [08/Jun/2015:05:26:51 +0300] "GET /api/game_http_server/who_plays HTTP/1.1" 200 0
0:0:0:0:0:0:0:1 - - [08/Jun/2015:05:26:52 +0300] "GET /api/game_http_server/who_plays HTTP/1.1" 200 0
0:0:0:0:0:0:0:1 - - [08/Jun/2015:05:26:53 +0300] "GET /api/game_http_server/who_plays HTTP/1.1" 200 0
0:0:0:0:0:0:0:1 - - [08/Jun/2015:05:26:54 +0300] "GET /api/game_http_server/who_plays HTTP/1.1" 200 0
0:0:0:0:0:0:0:1 - - [08/Jun/2015:05:26:55 +0300] "GET /api/game_http_server/who_plays HTTP/1.1" 200 0
0:0:0:0:0:0:0:1 - - [08/Jun/2015:05:26:56 +0300] "GET /api/game_http_server/who_plays HTTP/1.1" 200 0
