[08/Jun/2015:05:25:57 +0300], module traverse failed: mod_esi:do => 
   Error Type:  exit
   Error:       {mod_esi_linked_process_died,<0.57.0>,normal}
   Stack trace: [{mod_esi,receive_headers,1,[{file,"mod_esi.erl"},{line,437}]},
                 {mod_esi,deliver_webpage_chunk,3,
                     [{file,"mod_esi.erl"},{line,388}]},
                 {mod_esi,erl_scheme_webpage_chunk,5,
                     [{file,"mod_esi.erl"},{line,377}]},
                 {mod_esi,generate_webpage,7,
                     [{file,"mod_esi.erl"},{line,306}]},
                 {httpd_response,traverse_modules,2,
                     [{file,"httpd_response.erl"},{line,72}]},
                 {httpd_response,generate_and_send_response,1,
                     [{file,"httpd_response.erl"},{line,40}]},
                 {httpd_request_handler,handle_response,1,
                     [{file,"httpd_request_handler.erl"},{line,531}]},
                 {gen_server,try_dispatch,4,
                     [{file,"gen_server.erl"},{line,593}]}]
[08/Jun/2015:05:25:57 +0300], module traverse failed: mod_esi:do => 
   Error Type:  exit
   Error:       {mod_esi_linked_process_died,<0.58.0>,normal}
   Stack trace: [{mod_esi,receive_headers,1,[{file,"mod_esi.erl"},{line,437}]},
                 {mod_esi,deliver_webpage_chunk,3,
                     [{file,"mod_esi.erl"},{line,388}]},
                 {mod_esi,erl_scheme_webpage_chunk,5,
                     [{file,"mod_esi.erl"},{line,377}]},
                 {mod_esi,generate_webpage,7,
                     [{file,"mod_esi.erl"},{line,306}]},
                 {httpd_response,traverse_modules,2,
                     [{file,"httpd_response.erl"},{line,72}]},
                 {httpd_response,generate_and_send_response,1,
                     [{file,"httpd_response.erl"},{line,40}]},
                 {httpd_request_handler,handle_response,1,
                     [{file,"httpd_request_handler.erl"},{line,531}]},
                 {gen_server,try_dispatch,4,
                     [{file,"gen_server.erl"},{line,593}]}]
[08/Jun/2015:05:25:58 +0300], module traverse failed: mod_esi:do => 
   Error Type:  exit
   Error:       {mod_esi_linked_process_died,<0.59.0>,normal}
   Stack trace: [{mod_esi,receive_headers,1,[{file,"mod_esi.erl"},{line,437}]},
                 {mod_esi,deliver_webpage_chunk,3,
                     [{file,"mod_esi.erl"},{line,388}]},
                 {mod_esi,erl_scheme_webpage_chunk,5,
                     [{file,"mod_esi.erl"},{line,377}]},
                 {mod_esi,generate_webpage,7,
                     [{file,"mod_esi.erl"},{line,306}]},
                 {httpd_response,traverse_modules,2,
                     [{file,"httpd_response.erl"},{line,72}]},
                 {httpd_response,generate_and_send_response,1,
                     [{file,"httpd_response.erl"},{line,40}]},
                 {httpd_request_handler,handle_response,1,
                     [{file,"httpd_request_handler.erl"},{line,531}]},
                 {gen_server,try_dispatch,4,
                     [{file,"gen_server.erl"},{line,593}]}]
[08/Jun/2015:05:25:59 +0300], module traverse failed: mod_esi:do => 
   Error Type:  exit
   Error:       {mod_esi_linked_process_died,<0.60.0>,normal}
   Stack trace: [{mod_esi,receive_headers,1,[{file,"mod_esi.erl"},{line,437}]},
                 {mod_esi,deliver_webpage_chunk,3,
                     [{file,"mod_esi.erl"},{line,388}]},
                 {mod_esi,erl_scheme_webpage_chunk,5,
                     [{file,"mod_esi.erl"},{line,377}]},
                 {mod_esi,generate_webpage,7,
                     [{file,"mod_esi.erl"},{line,306}]},
                 {httpd_response,traverse_modules,2,
                     [{file,"httpd_response.erl"},{line,72}]},
                 {httpd_response,generate_and_send_response,1,
                     [{file,"httpd_response.erl"},{line,40}]},
                 {httpd_request_handler,handle_response,1,
                     [{file,"httpd_request_handler.erl"},{line,531}]},
                 {gen_server,try_dispatch,4,
                     [{file,"gen_server.erl"},{line,593}]}]
[08/Jun/2015:05:26:00 +0300], module traverse failed: mod_esi:do => 
   Error Type:  exit
   Error:       {mod_esi_linked_process_died,<0.61.0>,normal}
   Stack trace: [{mod_esi,receive_headers,1,[{file,"mod_esi.erl"},{line,437}]},
                 {mod_esi,deliver_webpage_chunk,3,
                     [{file,"mod_esi.erl"},{line,388}]},
                 {mod_esi,erl_scheme_webpage_chunk,5,
                     [{file,"mod_esi.erl"},{line,377}]},
                 {mod_esi,generate_webpage,7,
                     [{file,"mod_esi.erl"},{line,306}]},
                 {httpd_response,traverse_modules,2,
                     [{file,"httpd_response.erl"},{line,72}]},
                 {httpd_response,generate_and_send_response,1,
                     [{file,"httpd_response.erl"},{line,40}]},
                 {httpd_request_handler,handle_response,1,
                     [{file,"httpd_request_handler.erl"},{line,531}]},
                 {gen_server,try_dispatch,4,
                     [{file,"gen_server.erl"},{line,593}]}]
[08/Jun/2015:05:26:01 +0300], module traverse failed: mod_esi:do => 
   Error Type:  exit
   Error:       {mod_esi_linked_process_died,<0.62.0>,normal}
   Stack trace: [{mod_esi,receive_headers,1,[{file,"mod_esi.erl"},{line,437}]},
                 {mod_esi,deliver_webpage_chunk,3,
                     [{file,"mod_esi.erl"},{line,388}]},
                 {mod_esi,erl_scheme_webpage_chunk,5,
                     [{file,"mod_esi.erl"},{line,377}]},
                 {mod_esi,generate_webpage,7,
                     [{file,"mod_esi.erl"},{line,306}]},
                 {httpd_response,traverse_modules,2,
                     [{file,"httpd_response.erl"},{line,72}]},
                 {httpd_response,generate_and_send_response,1,
                     [{file,"httpd_response.erl"},{line,40}]},
                 {httpd_request_handler,handle_response,1,
                     [{file,"httpd_request_handler.erl"},{line,531}]},
                 {gen_server,try_dispatch,4,
                     [{file,"gen_server.erl"},{line,593}]}]
[08/Jun/2015:05:26:02 +0300], module traverse failed: mod_esi:do => 
   Error Type:  exit
   Error:       {mod_esi_linked_process_died,<0.63.0>,normal}
   Stack trace: [{mod_esi,receive_headers,1,[{file,"mod_esi.erl"},{line,437}]},
                 {mod_esi,deliver_webpage_chunk,3,
                     [{file,"mod_esi.erl"},{line,388}]},
                 {mod_esi,erl_scheme_webpage_chunk,5,
                     [{file,"mod_esi.erl"},{line,377}]},
                 {mod_esi,generate_webpage,7,
                     [{file,"mod_esi.erl"},{line,306}]},
                 {httpd_response,traverse_modules,2,
                     [{file,"httpd_response.erl"},{line,72}]},
                 {httpd_response,generate_and_send_response,1,
                     [{file,"httpd_response.erl"},{line,40}]},
                 {httpd_request_handler,handle_response,1,
                     [{file,"httpd_request_handler.erl"},{line,531}]},
                 {gen_server,try_dispatch,4,
                     [{file,"gen_server.erl"},{line,593}]}]
[08/Jun/2015:05:26:03 +0300], module traverse failed: mod_esi:do => 
   Error Type:  exit
   Error:       {mod_esi_linked_process_died,<0.64.0>,normal}
   Stack trace: [{mod_esi,receive_headers,1,[{file,"mod_esi.erl"},{line,437}]},
                 {mod_esi,deliver_webpage_chunk,3,
                     [{file,"mod_esi.erl"},{line,388}]},
                 {mod_esi,erl_scheme_webpage_chunk,5,
                     [{file,"mod_esi.erl"},{line,377}]},
                 {mod_esi,generate_webpage,7,
                     [{file,"mod_esi.erl"},{line,306}]},
                 {httpd_response,traverse_modules,2,
                     [{file,"httpd_response.erl"},{line,72}]},
                 {httpd_response,generate_and_send_response,1,
                     [{file,"httpd_response.erl"},{line,40}]},
                 {httpd_request_handler,handle_response,1,
                     [{file,"httpd_request_handler.erl"},{line,531}]},
                 {gen_server,try_dispatch,4,
                     [{file,"gen_server.erl"},{line,593}]}]
[08/Jun/2015:05:26:04 +0300], module traverse failed: mod_esi:do => 
   Error Type:  exit
   Error:       {mod_esi_linked_process_died,<0.65.0>,normal}
   Stack trace: [{mod_esi,receive_headers,1,[{file,"mod_esi.erl"},{line,437}]},
                 {mod_esi,deliver_webpage_chunk,3,
                     [{file,"mod_esi.erl"},{line,388}]},
                 {mod_esi,erl_scheme_webpage_chunk,5,
                     [{file,"mod_esi.erl"},{line,377}]},
                 {mod_esi,generate_webpage,7,
                     [{file,"mod_esi.erl"},{line,306}]},
                 {httpd_response,traverse_modules,2,
                     [{file,"httpd_response.erl"},{line,72}]},
                 {httpd_response,generate_and_send_response,1,
                     [{file,"httpd_response.erl"},{line,40}]},
                 {httpd_request_handler,handle_response,1,
                     [{file,"httpd_request_handler.erl"},{line,531}]},
                 {gen_server,try_dispatch,4,
                     [{file,"gen_server.erl"},{line,593}]}]
[08/Jun/2015:05:26:05 +0300], module traverse failed: mod_esi:do => 
   Error Type:  exit
   Error:       {mod_esi_linked_process_died,<0.66.0>,normal}
   Stack trace: [{mod_esi,receive_headers,1,[{file,"mod_esi.erl"},{line,437}]},
                 {mod_esi,deliver_webpage_chunk,3,
                     [{file,"mod_esi.erl"},{line,388}]},
                 {mod_esi,erl_scheme_webpage_chunk,5,
                     [{file,"mod_esi.erl"},{line,377}]},
                 {mod_esi,generate_webpage,7,
                     [{file,"mod_esi.erl"},{line,306}]},
                 {httpd_response,traverse_modules,2,
                     [{file,"httpd_response.erl"},{line,72}]},
                 {httpd_response,generate_and_send_response,1,
                     [{file,"httpd_response.erl"},{line,40}]},
                 {httpd_request_handler,handle_response,1,
                     [{file,"httpd_request_handler.erl"},{line,531}]},
                 {gen_server,try_dispatch,4,
                     [{file,"gen_server.erl"},{line,593}]}]
[08/Jun/2015:05:26:06 +0300], module traverse failed: mod_esi:do => 
   Error Type:  exit
   Error:       {mod_esi_linked_process_died,<0.67.0>,normal}
   Stack trace: [{mod_esi,receive_headers,1,[{file,"mod_esi.erl"},{line,437}]},
                 {mod_esi,deliver_webpage_chunk,3,
                     [{file,"mod_esi.erl"},{line,388}]},
                 {mod_esi,erl_scheme_webpage_chunk,5,
                     [{file,"mod_esi.erl"},{line,377}]},
                 {mod_esi,generate_webpage,7,
                     [{file,"mod_esi.erl"},{line,306}]},
                 {httpd_response,traverse_modules,2,
                     [{file,"httpd_response.erl"},{line,72}]},
                 {httpd_response,generate_and_send_response,1,
                     [{file,"httpd_response.erl"},{line,40}]},
                 {httpd_request_handler,handle_response,1,
                     [{file,"httpd_request_handler.erl"},{line,531}]},
                 {gen_server,try_dispatch,4,
                     [{file,"gen_server.erl"},{line,593}]}]
[08/Jun/2015:05:26:07 +0300], module traverse failed: mod_esi:do => 
   Error Type:  exit
   Error:       {mod_esi_linked_process_died,<0.68.0>,normal}
   Stack trace: [{mod_esi,receive_headers,1,[{file,"mod_esi.erl"},{line,437}]},
                 {mod_esi,deliver_webpage_chunk,3,
                     [{file,"mod_esi.erl"},{line,388}]},
                 {mod_esi,erl_scheme_webpage_chunk,5,
                     [{file,"mod_esi.erl"},{line,377}]},
                 {mod_esi,generate_webpage,7,
                     [{file,"mod_esi.erl"},{line,306}]},
                 {httpd_response,traverse_modules,2,
                     [{file,"httpd_response.erl"},{line,72}]},
                 {httpd_response,generate_and_send_response,1,
                     [{file,"httpd_response.erl"},{line,40}]},
                 {httpd_request_handler,handle_response,1,
                     [{file,"httpd_request_handler.erl"},{line,531}]},
                 {gen_server,try_dispatch,4,
                     [{file,"gen_server.erl"},{line,593}]}]
[08/Jun/2015:05:26:08 +0300], module traverse failed: mod_esi:do => 
   Error Type:  exit
   Error:       {mod_esi_linked_process_died,<0.69.0>,normal}
   Stack trace: [{mod_esi,receive_headers,1,[{file,"mod_esi.erl"},{line,437}]},
                 {mod_esi,deliver_webpage_chunk,3,
                     [{file,"mod_esi.erl"},{line,388}]},
                 {mod_esi,erl_scheme_webpage_chunk,5,
                     [{file,"mod_esi.erl"},{line,377}]},
                 {mod_esi,generate_webpage,7,
                     [{file,"mod_esi.erl"},{line,306}]},
                 {httpd_response,traverse_modules,2,
                     [{file,"httpd_response.erl"},{line,72}]},
                 {httpd_response,generate_and_send_response,1,
                     [{file,"httpd_response.erl"},{line,40}]},
                 {httpd_request_handler,handle_response,1,
                     [{file,"httpd_request_handler.erl"},{line,531}]},
                 {gen_server,try_dispatch,4,
                     [{file,"gen_server.erl"},{line,593}]}]
[08/Jun/2015:05:26:09 +0300], module traverse failed: mod_esi:do => 
   Error Type:  exit
   Error:       {mod_esi_linked_process_died,<0.70.0>,normal}
   Stack trace: [{mod_esi,receive_headers,1,[{file,"mod_esi.erl"},{line,437}]},
                 {mod_esi,deliver_webpage_chunk,3,
                     [{file,"mod_esi.erl"},{line,388}]},
                 {mod_esi,erl_scheme_webpage_chunk,5,
                     [{file,"mod_esi.erl"},{line,377}]},
                 {mod_esi,generate_webpage,7,
                     [{file,"mod_esi.erl"},{line,306}]},
                 {httpd_response,traverse_modules,2,
                     [{file,"httpd_response.erl"},{line,72}]},
                 {httpd_response,generate_and_send_response,1,
                     [{file,"httpd_response.erl"},{line,40}]},
                 {httpd_request_handler,handle_response,1,
                     [{file,"httpd_request_handler.erl"},{line,531}]},
                 {gen_server,try_dispatch,4,
                     [{file,"gen_server.erl"},{line,593}]}]
[08/Jun/2015:05:26:10 +0300], module traverse failed: mod_esi:do => 
   Error Type:  exit
   Error:       {mod_esi_linked_process_died,<0.71.0>,normal}
   Stack trace: [{mod_esi,receive_headers,1,[{file,"mod_esi.erl"},{line,437}]},
                 {mod_esi,deliver_webpage_chunk,3,
                     [{file,"mod_esi.erl"},{line,388}]},
                 {mod_esi,erl_scheme_webpage_chunk,5,
                     [{file,"mod_esi.erl"},{line,377}]},
                 {mod_esi,generate_webpage,7,
                     [{file,"mod_esi.erl"},{line,306}]},
                 {httpd_response,traverse_modules,2,
                     [{file,"httpd_response.erl"},{line,72}]},
                 {httpd_response,generate_and_send_response,1,
                     [{file,"httpd_response.erl"},{line,40}]},
                 {httpd_request_handler,handle_response,1,
                     [{file,"httpd_request_handler.erl"},{line,531}]},
                 {gen_server,try_dispatch,4,
                     [{file,"gen_server.erl"},{line,593}]}]
[08/Jun/2015:05:26:11 +0300], module traverse failed: mod_esi:do => 
   Error Type:  exit
   Error:       {mod_esi_linked_process_died,<0.72.0>,normal}
   Stack trace: [{mod_esi,receive_headers,1,[{file,"mod_esi.erl"},{line,437}]},
                 {mod_esi,deliver_webpage_chunk,3,
                     [{file,"mod_esi.erl"},{line,388}]},
                 {mod_esi,erl_scheme_webpage_chunk,5,
                     [{file,"mod_esi.erl"},{line,377}]},
                 {mod_esi,generate_webpage,7,
                     [{file,"mod_esi.erl"},{line,306}]},
                 {httpd_response,traverse_modules,2,
                     [{file,"httpd_response.erl"},{line,72}]},
                 {httpd_response,generate_and_send_response,1,
                     [{file,"httpd_response.erl"},{line,40}]},
                 {httpd_request_handler,handle_response,1,
                     [{file,"httpd_request_handler.erl"},{line,531}]},
                 {gen_server,try_dispatch,4,
                     [{file,"gen_server.erl"},{line,593}]}]
[08/Jun/2015:05:26:12 +0300], module traverse failed: mod_esi:do => 
   Error Type:  exit
   Error:       {mod_esi_linked_process_died,<0.73.0>,normal}
   Stack trace: [{mod_esi,receive_headers,1,[{file,"mod_esi.erl"},{line,437}]},
                 {mod_esi,deliver_webpage_chunk,3,
                     [{file,"mod_esi.erl"},{line,388}]},
                 {mod_esi,erl_scheme_webpage_chunk,5,
                     [{file,"mod_esi.erl"},{line,377}]},
                 {mod_esi,generate_webpage,7,
                     [{file,"mod_esi.erl"},{line,306}]},
                 {httpd_response,traverse_modules,2,
                     [{file,"httpd_response.erl"},{line,72}]},
                 {httpd_response,generate_and_send_response,1,
                     [{file,"httpd_response.erl"},{line,40}]},
                 {httpd_request_handler,handle_response,1,
                     [{file,"httpd_request_handler.erl"},{line,531}]},
                 {gen_server,try_dispatch,4,
                     [{file,"gen_server.erl"},{line,593}]}]
[08/Jun/2015:05:26:13 +0300], module traverse failed: mod_esi:do => 
   Error Type:  exit
   Error:       {mod_esi_linked_process_died,<0.74.0>,normal}
   Stack trace: [{mod_esi,receive_headers,1,[{file,"mod_esi.erl"},{line,437}]},
                 {mod_esi,deliver_webpage_chunk,3,
                     [{file,"mod_esi.erl"},{line,388}]},
                 {mod_esi,erl_scheme_webpage_chunk,5,
                     [{file,"mod_esi.erl"},{line,377}]},
                 {mod_esi,generate_webpage,7,
                     [{file,"mod_esi.erl"},{line,306}]},
                 {httpd_response,traverse_modules,2,
                     [{file,"httpd_response.erl"},{line,72}]},
                 {httpd_response,generate_and_send_response,1,
                     [{file,"httpd_response.erl"},{line,40}]},
                 {httpd_request_handler,handle_response,1,
                     [{file,"httpd_request_handler.erl"},{line,531}]},
                 {gen_server,try_dispatch,4,
                     [{file,"gen_server.erl"},{line,593}]}]
[08/Jun/2015:05:26:14 +0300], module traverse failed: mod_esi:do => 
   Error Type:  exit
   Error:       {mod_esi_linked_process_died,<0.75.0>,normal}
   Stack trace: [{mod_esi,receive_headers,1,[{file,"mod_esi.erl"},{line,437}]},
                 {mod_esi,deliver_webpage_chunk,3,
                     [{file,"mod_esi.erl"},{line,388}]},
                 {mod_esi,erl_scheme_webpage_chunk,5,
                     [{file,"mod_esi.erl"},{line,377}]},
                 {mod_esi,generate_webpage,7,
                     [{file,"mod_esi.erl"},{line,306}]},
                 {httpd_response,traverse_modules,2,
                     [{file,"httpd_response.erl"},{line,72}]},
                 {httpd_response,generate_and_send_response,1,
                     [{file,"httpd_response.erl"},{line,40}]},
                 {httpd_request_handler,handle_response,1,
                     [{file,"httpd_request_handler.erl"},{line,531}]},
                 {gen_server,try_dispatch,4,
                     [{file,"gen_server.erl"},{line,593}]}]
[08/Jun/2015:05:26:15 +0300], module traverse failed: mod_esi:do => 
   Error Type:  exit
   Error:       {mod_esi_linked_process_died,<0.76.0>,normal}
   Stack trace: [{mod_esi,receive_headers,1,[{file,"mod_esi.erl"},{line,437}]},
                 {mod_esi,deliver_webpage_chunk,3,
                     [{file,"mod_esi.erl"},{line,388}]},
                 {mod_esi,erl_scheme_webpage_chunk,5,
                     [{file,"mod_esi.erl"},{line,377}]},
                 {mod_esi,generate_webpage,7,
                     [{file,"mod_esi.erl"},{line,306}]},
                 {httpd_response,traverse_modules,2,
                     [{file,"httpd_response.erl"},{line,72}]},
                 {httpd_response,generate_and_send_response,1,
                     [{file,"httpd_response.erl"},{line,40}]},
                 {httpd_request_handler,handle_response,1,
                     [{file,"httpd_request_handler.erl"},{line,531}]},
                 {gen_server,try_dispatch,4,
                     [{file,"gen_server.erl"},{line,593}]}]
[08/Jun/2015:05:26:16 +0300], module traverse failed: mod_esi:do => 
   Error Type:  exit
   Error:       {mod_esi_linked_process_died,<0.77.0>,normal}
   Stack trace: [{mod_esi,receive_headers,1,[{file,"mod_esi.erl"},{line,437}]},
                 {mod_esi,deliver_webpage_chunk,3,
                     [{file,"mod_esi.erl"},{line,388}]},
                 {mod_esi,erl_scheme_webpage_chunk,5,
                     [{file,"mod_esi.erl"},{line,377}]},
                 {mod_esi,generate_webpage,7,
                     [{file,"mod_esi.erl"},{line,306}]},
                 {httpd_response,traverse_modules,2,
                     [{file,"httpd_response.erl"},{line,72}]},
                 {httpd_response,generate_and_send_response,1,
                     [{file,"httpd_response.erl"},{line,40}]},
                 {httpd_request_handler,handle_response,1,
                     [{file,"httpd_request_handler.erl"},{line,531}]},
                 {gen_server,try_dispatch,4,
                     [{file,"gen_server.erl"},{line,593}]}]
[08/Jun/2015:05:26:17 +0300], module traverse failed: mod_esi:do => 
   Error Type:  exit
   Error:       {mod_esi_linked_process_died,<0.78.0>,normal}
   Stack trace: [{mod_esi,receive_headers,1,[{file,"mod_esi.erl"},{line,437}]},
                 {mod_esi,deliver_webpage_chunk,3,
                     [{file,"mod_esi.erl"},{line,388}]},
                 {mod_esi,erl_scheme_webpage_chunk,5,
                     [{file,"mod_esi.erl"},{line,377}]},
                 {mod_esi,generate_webpage,7,
                     [{file,"mod_esi.erl"},{line,306}]},
                 {httpd_response,traverse_modules,2,
                     [{file,"httpd_response.erl"},{line,72}]},
                 {httpd_response,generate_and_send_response,1,
                     [{file,"httpd_response.erl"},{line,40}]},
                 {httpd_request_handler,handle_response,1,
                     [{file,"httpd_request_handler.erl"},{line,531}]},
                 {gen_server,try_dispatch,4,
                     [{file,"gen_server.erl"},{line,593}]}]
[08/Jun/2015:05:26:18 +0300], module traverse failed: mod_esi:do => 
   Error Type:  exit
   Error:       {mod_esi_linked_process_died,<0.79.0>,normal}
   Stack trace: [{mod_esi,receive_headers,1,[{file,"mod_esi.erl"},{line,437}]},
                 {mod_esi,deliver_webpage_chunk,3,
                     [{file,"mod_esi.erl"},{line,388}]},
                 {mod_esi,erl_scheme_webpage_chunk,5,
                     [{file,"mod_esi.erl"},{line,377}]},
                 {mod_esi,generate_webpage,7,
                     [{file,"mod_esi.erl"},{line,306}]},
                 {httpd_response,traverse_modules,2,
                     [{file,"httpd_response.erl"},{line,72}]},
                 {httpd_response,generate_and_send_response,1,
                     [{file,"httpd_response.erl"},{line,40}]},
                 {httpd_request_handler,handle_response,1,
                     [{file,"httpd_request_handler.erl"},{line,531}]},
                 {gen_server,try_dispatch,4,
                     [{file,"gen_server.erl"},{line,593}]}]
[08/Jun/2015:05:26:18 +0300], module traverse failed: mod_esi:do => 
   Error Type:  exit
   Error:       {mod_esi_linked_process_died,<0.80.0>,normal}
   Stack trace: [{mod_esi,receive_headers,1,[{file,"mod_esi.erl"},{line,437}]},
                 {mod_esi,deliver_webpage_chunk,3,
                     [{file,"mod_esi.erl"},{line,388}]},
                 {mod_esi,erl_scheme_webpage_chunk,5,
                     [{file,"mod_esi.erl"},{line,377}]},
                 {mod_esi,generate_webpage,7,
                     [{file,"mod_esi.erl"},{line,306}]},
                 {httpd_response,traverse_modules,2,
                     [{file,"httpd_response.erl"},{line,72}]},
                 {httpd_response,generate_and_send_response,1,
                     [{file,"httpd_response.erl"},{line,40}]},
                 {httpd_request_handler,handle_response,1,
                     [{file,"httpd_request_handler.erl"},{line,531}]},
                 {gen_server,try_dispatch,4,
                     [{file,"gen_server.erl"},{line,593}]}]
[08/Jun/2015:05:26:19 +0300], module traverse failed: mod_esi:do => 
   Error Type:  exit
   Error:       {mod_esi_linked_process_died,<0.81.0>,normal}
   Stack trace: [{mod_esi,receive_headers,1,[{file,"mod_esi.erl"},{line,437}]},
                 {mod_esi,deliver_webpage_chunk,3,
                     [{file,"mod_esi.erl"},{line,388}]},
                 {mod_esi,erl_scheme_webpage_chunk,5,
                     [{file,"mod_esi.erl"},{line,377}]},
                 {mod_esi,generate_webpage,7,
                     [{file,"mod_esi.erl"},{line,306}]},
                 {httpd_response,traverse_modules,2,
                     [{file,"httpd_response.erl"},{line,72}]},
                 {httpd_response,generate_and_send_response,1,
                     [{file,"httpd_response.erl"},{line,40}]},
                 {httpd_request_handler,handle_response,1,
                     [{file,"httpd_request_handler.erl"},{line,531}]},
                 {gen_server,try_dispatch,4,
                     [{file,"gen_server.erl"},{line,593}]}]
[08/Jun/2015:05:26:20 +0300], module traverse failed: mod_esi:do => 
   Error Type:  exit
   Error:       {mod_esi_linked_process_died,<0.82.0>,normal}
   Stack trace: [{mod_esi,receive_headers,1,[{file,"mod_esi.erl"},{line,437}]},
                 {mod_esi,deliver_webpage_chunk,3,
                     [{file,"mod_esi.erl"},{line,388}]},
                 {mod_esi,erl_scheme_webpage_chunk,5,
                     [{file,"mod_esi.erl"},{line,377}]},
                 {mod_esi,generate_webpage,7,
                     [{file,"mod_esi.erl"},{line,306}]},
                 {httpd_response,traverse_modules,2,
                     [{file,"httpd_response.erl"},{line,72}]},
                 {httpd_response,generate_and_send_response,1,
                     [{file,"httpd_response.erl"},{line,40}]},
                 {httpd_request_handler,handle_response,1,
                     [{file,"httpd_request_handler.erl"},{line,531}]},
                 {gen_server,try_dispatch,4,
                     [{file,"gen_server.erl"},{line,593}]}]
[08/Jun/2015:05:26:21 +0300], module traverse failed: mod_esi:do => 
   Error Type:  exit
   Error:       {mod_esi_linked_process_died,<0.83.0>,normal}
   Stack trace: [{mod_esi,receive_headers,1,[{file,"mod_esi.erl"},{line,437}]},
                 {mod_esi,deliver_webpage_chunk,3,
                     [{file,"mod_esi.erl"},{line,388}]},
                 {mod_esi,erl_scheme_webpage_chunk,5,
                     [{file,"mod_esi.erl"},{line,377}]},
                 {mod_esi,generate_webpage,7,
                     [{file,"mod_esi.erl"},{line,306}]},
                 {httpd_response,traverse_modules,2,
                     [{file,"httpd_response.erl"},{line,72}]},
                 {httpd_response,generate_and_send_response,1,
                     [{file,"httpd_response.erl"},{line,40}]},
                 {httpd_request_handler,handle_response,1,
                     [{file,"httpd_request_handler.erl"},{line,531}]},
                 {gen_server,try_dispatch,4,
                     [{file,"gen_server.erl"},{line,593}]}]
[08/Jun/2015:05:26:22 +0300], module traverse failed: mod_esi:do => 
   Error Type:  exit
   Error:       {mod_esi_linked_process_died,<0.84.0>,normal}
   Stack trace: [{mod_esi,receive_headers,1,[{file,"mod_esi.erl"},{line,437}]},
                 {mod_esi,deliver_webpage_chunk,3,
                     [{file,"mod_esi.erl"},{line,388}]},
                 {mod_esi,erl_scheme_webpage_chunk,5,
                     [{file,"mod_esi.erl"},{line,377}]},
                 {mod_esi,generate_webpage,7,
                     [{file,"mod_esi.erl"},{line,306}]},
                 {httpd_response,traverse_modules,2,
                     [{file,"httpd_response.erl"},{line,72}]},
                 {httpd_response,generate_and_send_response,1,
                     [{file,"httpd_response.erl"},{line,40}]},
                 {httpd_request_handler,handle_response,1,
                     [{file,"httpd_request_handler.erl"},{line,531}]},
                 {gen_server,try_dispatch,4,
                     [{file,"gen_server.erl"},{line,593}]}]
[08/Jun/2015:05:26:23 +0300], module traverse failed: mod_esi:do => 
   Error Type:  exit
   Error:       {mod_esi_linked_process_died,<0.85.0>,normal}
   Stack trace: [{mod_esi,receive_headers,1,[{file,"mod_esi.erl"},{line,437}]},
                 {mod_esi,deliver_webpage_chunk,3,
                     [{file,"mod_esi.erl"},{line,388}]},
                 {mod_esi,erl_scheme_webpage_chunk,5,
                     [{file,"mod_esi.erl"},{line,377}]},
                 {mod_esi,generate_webpage,7,
                     [{file,"mod_esi.erl"},{line,306}]},
                 {httpd_response,traverse_modules,2,
                     [{file,"httpd_response.erl"},{line,72}]},
                 {httpd_response,generate_and_send_response,1,
                     [{file,"httpd_response.erl"},{line,40}]},
                 {httpd_request_handler,handle_response,1,
                     [{file,"httpd_request_handler.erl"},{line,531}]},
                 {gen_server,try_dispatch,4,
                     [{file,"gen_server.erl"},{line,593}]}]
[08/Jun/2015:05:26:24 +0300], module traverse failed: mod_esi:do => 
   Error Type:  exit
   Error:       {mod_esi_linked_process_died,<0.86.0>,normal}
   Stack trace: [{mod_esi,receive_headers,1,[{file,"mod_esi.erl"},{line,437}]},
                 {mod_esi,deliver_webpage_chunk,3,
                     [{file,"mod_esi.erl"},{line,388}]},
                 {mod_esi,erl_scheme_webpage_chunk,5,
                     [{file,"mod_esi.erl"},{line,377}]},
                 {mod_esi,generate_webpage,7,
                     [{file,"mod_esi.erl"},{line,306}]},
                 {httpd_response,traverse_modules,2,
                     [{file,"httpd_response.erl"},{line,72}]},
                 {httpd_response,generate_and_send_response,1,
                     [{file,"httpd_response.erl"},{line,40}]},
                 {httpd_request_handler,handle_response,1,
                     [{file,"httpd_request_handler.erl"},{line,531}]},
                 {gen_server,try_dispatch,4,
                     [{file,"gen_server.erl"},{line,593}]}]
[08/Jun/2015:05:26:25 +0300], module traverse failed: mod_esi:do => 
   Error Type:  exit
   Error:       {mod_esi_linked_process_died,<0.87.0>,normal}
   Stack trace: [{mod_esi,receive_headers,1,[{file,"mod_esi.erl"},{line,437}]},
                 {mod_esi,deliver_webpage_chunk,3,
                     [{file,"mod_esi.erl"},{line,388}]},
                 {mod_esi,erl_scheme_webpage_chunk,5,
                     [{file,"mod_esi.erl"},{line,377}]},
                 {mod_esi,generate_webpage,7,
                     [{file,"mod_esi.erl"},{line,306}]},
                 {httpd_response,traverse_modules,2,
                     [{file,"httpd_response.erl"},{line,72}]},
                 {httpd_response,generate_and_send_response,1,
                     [{file,"httpd_response.erl"},{line,40}]},
                 {httpd_request_handler,handle_response,1,
                     [{file,"httpd_request_handler.erl"},{line,531}]},
                 {gen_server,try_dispatch,4,
                     [{file,"gen_server.erl"},{line,593}]}]
[08/Jun/2015:05:26:26 +0300], module traverse failed: mod_esi:do => 
   Error Type:  exit
   Error:       {mod_esi_linked_process_died,<0.88.0>,normal}
   Stack trace: [{mod_esi,receive_headers,1,[{file,"mod_esi.erl"},{line,437}]},
                 {mod_esi,deliver_webpage_chunk,3,
                     [{file,"mod_esi.erl"},{line,388}]},
                 {mod_esi,erl_scheme_webpage_chunk,5,
                     [{file,"mod_esi.erl"},{line,377}]},
                 {mod_esi,generate_webpage,7,
                     [{file,"mod_esi.erl"},{line,306}]},
                 {httpd_response,traverse_modules,2,
                     [{file,"httpd_response.erl"},{line,72}]},
                 {httpd_response,generate_and_send_response,1,
                     [{file,"httpd_response.erl"},{line,40}]},
                 {httpd_request_handler,handle_response,1,
                     [{file,"httpd_request_handler.erl"},{line,531}]},
                 {gen_server,try_dispatch,4,
                     [{file,"gen_server.erl"},{line,593}]}]
[08/Jun/2015:05:26:27 +0300], module traverse failed: mod_esi:do => 
   Error Type:  exit
   Error:       {mod_esi_linked_process_died,<0.89.0>,normal}
   Stack trace: [{mod_esi,receive_headers,1,[{file,"mod_esi.erl"},{line,437}]},
                 {mod_esi,deliver_webpage_chunk,3,
                     [{file,"mod_esi.erl"},{line,388}]},
                 {mod_esi,erl_scheme_webpage_chunk,5,
                     [{file,"mod_esi.erl"},{line,377}]},
                 {mod_esi,generate_webpage,7,
                     [{file,"mod_esi.erl"},{line,306}]},
                 {httpd_response,traverse_modules,2,
                     [{file,"httpd_response.erl"},{line,72}]},
                 {httpd_response,generate_and_send_response,1,
                     [{file,"httpd_response.erl"},{line,40}]},
                 {httpd_request_handler,handle_response,1,
                     [{file,"httpd_request_handler.erl"},{line,531}]},
                 {gen_server,try_dispatch,4,
                     [{file,"gen_server.erl"},{line,593}]}]
[08/Jun/2015:05:26:28 +0300], module traverse failed: mod_esi:do => 
   Error Type:  exit
   Error:       {mod_esi_linked_process_died,<0.90.0>,normal}
   Stack trace: [{mod_esi,receive_headers,1,[{file,"mod_esi.erl"},{line,437}]},
                 {mod_esi,deliver_webpage_chunk,3,
                     [{file,"mod_esi.erl"},{line,388}]},
                 {mod_esi,erl_scheme_webpage_chunk,5,
                     [{file,"mod_esi.erl"},{line,377}]},
                 {mod_esi,generate_webpage,7,
                     [{file,"mod_esi.erl"},{line,306}]},
                 {httpd_response,traverse_modules,2,
                     [{file,"httpd_response.erl"},{line,72}]},
                 {httpd_response,generate_and_send_response,1,
                     [{file,"httpd_response.erl"},{line,40}]},
                 {httpd_request_handler,handle_response,1,
                     [{file,"httpd_request_handler.erl"},{line,531}]},
                 {gen_server,try_dispatch,4,
                     [{file,"gen_server.erl"},{line,593}]}]
[08/Jun/2015:05:26:29 +0300], module traverse failed: mod_esi:do => 
   Error Type:  exit
   Error:       {mod_esi_linked_process_died,<0.91.0>,normal}
   Stack trace: [{mod_esi,receive_headers,1,[{file,"mod_esi.erl"},{line,437}]},
                 {mod_esi,deliver_webpage_chunk,3,
                     [{file,"mod_esi.erl"},{line,388}]},
                 {mod_esi,erl_scheme_webpage_chunk,5,
                     [{file,"mod_esi.erl"},{line,377}]},
                 {mod_esi,generate_webpage,7,
                     [{file,"mod_esi.erl"},{line,306}]},
                 {httpd_response,traverse_modules,2,
                     [{file,"httpd_response.erl"},{line,72}]},
                 {httpd_response,generate_and_send_response,1,
                     [{file,"httpd_response.erl"},{line,40}]},
                 {httpd_request_handler,handle_response,1,
                     [{file,"httpd_request_handler.erl"},{line,531}]},
                 {gen_server,try_dispatch,4,
                     [{file,"gen_server.erl"},{line,593}]}]
[08/Jun/2015:05:26:30 +0300], module traverse failed: mod_esi:do => 
   Error Type:  exit
   Error:       {mod_esi_linked_process_died,<0.92.0>,normal}
   Stack trace: [{mod_esi,receive_headers,1,[{file,"mod_esi.erl"},{line,437}]},
                 {mod_esi,deliver_webpage_chunk,3,
                     [{file,"mod_esi.erl"},{line,388}]},
                 {mod_esi,erl_scheme_webpage_chunk,5,
                     [{file,"mod_esi.erl"},{line,377}]},
                 {mod_esi,generate_webpage,7,
                     [{file,"mod_esi.erl"},{line,306}]},
                 {httpd_response,traverse_modules,2,
                     [{file,"httpd_response.erl"},{line,72}]},
                 {httpd_response,generate_and_send_response,1,
                     [{file,"httpd_response.erl"},{line,40}]},
                 {httpd_request_handler,handle_response,1,
                     [{file,"httpd_request_handler.erl"},{line,531}]},
                 {gen_server,try_dispatch,4,
                     [{file,"gen_server.erl"},{line,593}]}]
[08/Jun/2015:05:26:31 +0300], module traverse failed: mod_esi:do => 
   Error Type:  exit
   Error:       {mod_esi_linked_process_died,<0.93.0>,normal}
   Stack trace: [{mod_esi,receive_headers,1,[{file,"mod_esi.erl"},{line,437}]},
                 {mod_esi,deliver_webpage_chunk,3,
                     [{file,"mod_esi.erl"},{line,388}]},
                 {mod_esi,erl_scheme_webpage_chunk,5,
                     [{file,"mod_esi.erl"},{line,377}]},
                 {mod_esi,generate_webpage,7,
                     [{file,"mod_esi.erl"},{line,306}]},
                 {httpd_response,traverse_modules,2,
                     [{file,"httpd_response.erl"},{line,72}]},
                 {httpd_response,generate_and_send_response,1,
                     [{file,"httpd_response.erl"},{line,40}]},
                 {httpd_request_handler,handle_response,1,
                     [{file,"httpd_request_handler.erl"},{line,531}]},
                 {gen_server,try_dispatch,4,
                     [{file,"gen_server.erl"},{line,593}]}]
[08/Jun/2015:05:26:32 +0300], module traverse failed: mod_esi:do => 
   Error Type:  exit
   Error:       {mod_esi_linked_process_died,<0.94.0>,normal}
   Stack trace: [{mod_esi,receive_headers,1,[{file,"mod_esi.erl"},{line,437}]},
                 {mod_esi,deliver_webpage_chunk,3,
                     [{file,"mod_esi.erl"},{line,388}]},
                 {mod_esi,erl_scheme_webpage_chunk,5,
                     [{file,"mod_esi.erl"},{line,377}]},
                 {mod_esi,generate_webpage,7,
                     [{file,"mod_esi.erl"},{line,306}]},
                 {httpd_response,traverse_modules,2,
                     [{file,"httpd_response.erl"},{line,72}]},
                 {httpd_response,generate_and_send_response,1,
                     [{file,"httpd_response.erl"},{line,40}]},
                 {httpd_request_handler,handle_response,1,
                     [{file,"httpd_request_handler.erl"},{line,531}]},
                 {gen_server,try_dispatch,4,
                     [{file,"gen_server.erl"},{line,593}]}]
[08/Jun/2015:05:26:33 +0300], module traverse failed: mod_esi:do => 
   Error Type:  exit
   Error:       {mod_esi_linked_process_died,<0.95.0>,normal}
   Stack trace: [{mod_esi,receive_headers,1,[{file,"mod_esi.erl"},{line,437}]},
                 {mod_esi,deliver_webpage_chunk,3,
                     [{file,"mod_esi.erl"},{line,388}]},
                 {mod_esi,erl_scheme_webpage_chunk,5,
                     [{file,"mod_esi.erl"},{line,377}]},
                 {mod_esi,generate_webpage,7,
                     [{file,"mod_esi.erl"},{line,306}]},
                 {httpd_response,traverse_modules,2,
                     [{file,"httpd_response.erl"},{line,72}]},
                 {httpd_response,generate_and_send_response,1,
                     [{file,"httpd_response.erl"},{line,40}]},
                 {httpd_request_handler,handle_response,1,
                     [{file,"httpd_request_handler.erl"},{line,531}]},
                 {gen_server,try_dispatch,4,
                     [{file,"gen_server.erl"},{line,593}]}]
[08/Jun/2015:05:26:34 +0300], module traverse failed: mod_esi:do => 
   Error Type:  exit
   Error:       {mod_esi_linked_process_died,<0.96.0>,normal}
   Stack trace: [{mod_esi,receive_headers,1,[{file,"mod_esi.erl"},{line,437}]},
                 {mod_esi,deliver_webpage_chunk,3,
                     [{file,"mod_esi.erl"},{line,388}]},
                 {mod_esi,erl_scheme_webpage_chunk,5,
                     [{file,"mod_esi.erl"},{line,377}]},
                 {mod_esi,generate_webpage,7,
                     [{file,"mod_esi.erl"},{line,306}]},
                 {httpd_response,traverse_modules,2,
                     [{file,"httpd_response.erl"},{line,72}]},
                 {httpd_response,generate_and_send_response,1,
                     [{file,"httpd_response.erl"},{line,40}]},
                 {httpd_request_handler,handle_response,1,
                     [{file,"httpd_request_handler.erl"},{line,531}]},
                 {gen_server,try_dispatch,4,
                     [{file,"gen_server.erl"},{line,593}]}]
[08/Jun/2015:05:26:35 +0300], module traverse failed: mod_esi:do => 
   Error Type:  exit
   Error:       {mod_esi_linked_process_died,<0.97.0>,normal}
   Stack trace: [{mod_esi,receive_headers,1,[{file,"mod_esi.erl"},{line,437}]},
                 {mod_esi,deliver_webpage_chunk,3,
                     [{file,"mod_esi.erl"},{line,388}]},
                 {mod_esi,erl_scheme_webpage_chunk,5,
                     [{file,"mod_esi.erl"},{line,377}]},
                 {mod_esi,generate_webpage,7,
                     [{file,"mod_esi.erl"},{line,306}]},
                 {httpd_response,traverse_modules,2,
                     [{file,"httpd_response.erl"},{line,72}]},
                 {httpd_response,generate_and_send_response,1,
                     [{file,"httpd_response.erl"},{line,40}]},
                 {httpd_request_handler,handle_response,1,
                     [{file,"httpd_request_handler.erl"},{line,531}]},
                 {gen_server,try_dispatch,4,
                     [{file,"gen_server.erl"},{line,593}]}]
[08/Jun/2015:05:26:45 +0300], module traverse failed: mod_esi:do => 
   Error Type:  exit
   Error:       {mod_esi_linked_process_died,<0.100.0>,normal}
   Stack trace: [{mod_esi,receive_headers,1,[{file,"mod_esi.erl"},{line,437}]},
                 {mod_esi,deliver_webpage_chunk,3,
                     [{file,"mod_esi.erl"},{line,388}]},
                 {mod_esi,erl_scheme_webpage_chunk,5,
                     [{file,"mod_esi.erl"},{line,377}]},
                 {mod_esi,generate_webpage,7,
                     [{file,"mod_esi.erl"},{line,306}]},
                 {httpd_response,traverse_modules,2,
                     [{file,"httpd_response.erl"},{line,72}]},
                 {httpd_response,generate_and_send_response,1,
                     [{file,"httpd_response.erl"},{line,40}]},
                 {httpd_request_handler,handle_response,1,
                     [{file,"httpd_request_handler.erl"},{line,531}]},
                 {gen_server,try_dispatch,4,
                     [{file,"gen_server.erl"},{line,593}]}]
[08/Jun/2015:05:26:45 +0300], module traverse failed: mod_esi:do => 
   Error Type:  exit
   Error:       {mod_esi_linked_process_died,<0.101.0>,normal}
   Stack trace: [{mod_esi,receive_headers,1,[{file,"mod_esi.erl"},{line,437}]},
                 {mod_esi,deliver_webpage_chunk,3,
                     [{file,"mod_esi.erl"},{line,388}]},
                 {mod_esi,erl_scheme_webpage_chunk,5,
                     [{file,"mod_esi.erl"},{line,377}]},
                 {mod_esi,generate_webpage,7,
                     [{file,"mod_esi.erl"},{line,306}]},
                 {httpd_response,traverse_modules,2,
                     [{file,"httpd_response.erl"},{line,72}]},
                 {httpd_response,generate_and_send_response,1,
                     [{file,"httpd_response.erl"},{line,40}]},
                 {httpd_request_handler,handle_response,1,
                     [{file,"httpd_request_handler.erl"},{line,531}]},
                 {gen_server,try_dispatch,4,
                     [{file,"gen_server.erl"},{line,593}]}]
[08/Jun/2015:05:26:46 +0300], module traverse failed: mod_esi:do => 
   Error Type:  exit
   Error:       {mod_esi_linked_process_died,<0.102.0>,normal}
   Stack trace: [{mod_esi,receive_headers,1,[{file,"mod_esi.erl"},{line,437}]},
                 {mod_esi,deliver_webpage_chunk,3,
                     [{file,"mod_esi.erl"},{line,388}]},
                 {mod_esi,erl_scheme_webpage_chunk,5,
                     [{file,"mod_esi.erl"},{line,377}]},
                 {mod_esi,generate_webpage,7,
                     [{file,"mod_esi.erl"},{line,306}]},
                 {httpd_response,traverse_modules,2,
                     [{file,"httpd_response.erl"},{line,72}]},
                 {httpd_response,generate_and_send_response,1,
                     [{file,"httpd_response.erl"},{line,40}]},
                 {httpd_request_handler,handle_response,1,
                     [{file,"httpd_request_handler.erl"},{line,531}]},
                 {gen_server,try_dispatch,4,
                     [{file,"gen_server.erl"},{line,593}]}]
[08/Jun/2015:05:26:47 +0300], module traverse failed: mod_esi:do => 
   Error Type:  exit
   Error:       {mod_esi_linked_process_died,<0.103.0>,normal}
   Stack trace: [{mod_esi,receive_headers,1,[{file,"mod_esi.erl"},{line,437}]},
                 {mod_esi,deliver_webpage_chunk,3,
                     [{file,"mod_esi.erl"},{line,388}]},
                 {mod_esi,erl_scheme_webpage_chunk,5,
                     [{file,"mod_esi.erl"},{line,377}]},
                 {mod_esi,generate_webpage,7,
                     [{file,"mod_esi.erl"},{line,306}]},
                 {httpd_response,traverse_modules,2,
                     [{file,"httpd_response.erl"},{line,72}]},
                 {httpd_response,generate_and_send_response,1,
                     [{file,"httpd_response.erl"},{line,40}]},
                 {httpd_request_handler,handle_response,1,
                     [{file,"httpd_request_handler.erl"},{line,531}]},
                 {gen_server,try_dispatch,4,
                     [{file,"gen_server.erl"},{line,593}]}]
[08/Jun/2015:05:26:48 +0300], module traverse failed: mod_esi:do => 
   Error Type:  exit
   Error:       {mod_esi_linked_process_died,<0.105.0>,normal}
   Stack trace: [{mod_esi,receive_headers,1,[{file,"mod_esi.erl"},{line,437}]},
                 {mod_esi,deliver_webpage_chunk,3,
                     [{file,"mod_esi.erl"},{line,388}]},
                 {mod_esi,erl_scheme_webpage_chunk,5,
                     [{file,"mod_esi.erl"},{line,377}]},
                 {mod_esi,generate_webpage,7,
                     [{file,"mod_esi.erl"},{line,306}]},
                 {httpd_response,traverse_modules,2,
                     [{file,"httpd_response.erl"},{line,72}]},
                 {httpd_response,generate_and_send_response,1,
                     [{file,"httpd_response.erl"},{line,40}]},
                 {httpd_request_handler,handle_response,1,
                     [{file,"httpd_request_handler.erl"},{line,531}]},
                 {gen_server,try_dispatch,4,
                     [{file,"gen_server.erl"},{line,593}]}]
[08/Jun/2015:05:26:49 +0300], module traverse failed: mod_esi:do => 
   Error Type:  exit
   Error:       {mod_esi_linked_process_died,<0.106.0>,normal}
   Stack trace: [{mod_esi,receive_headers,1,[{file,"mod_esi.erl"},{line,437}]},
                 {mod_esi,deliver_webpage_chunk,3,
                     [{file,"mod_esi.erl"},{line,388}]},
                 {mod_esi,erl_scheme_webpage_chunk,5,
                     [{file,"mod_esi.erl"},{line,377}]},
                 {mod_esi,generate_webpage,7,
                     [{file,"mod_esi.erl"},{line,306}]},
                 {httpd_response,traverse_modules,2,
                     [{file,"httpd_response.erl"},{line,72}]},
                 {httpd_response,generate_and_send_response,1,
                     [{file,"httpd_response.erl"},{line,40}]},
                 {httpd_request_handler,handle_response,1,
                     [{file,"httpd_request_handler.erl"},{line,531}]},
                 {gen_server,try_dispatch,4,
                     [{file,"gen_server.erl"},{line,593}]}]
[08/Jun/2015:05:26:50 +0300], module traverse failed: mod_esi:do => 
   Error Type:  exit
   Error:       {mod_esi_linked_process_died,<0.107.0>,normal}
   Stack trace: [{mod_esi,receive_headers,1,[{file,"mod_esi.erl"},{line,437}]},
                 {mod_esi,deliver_webpage_chunk,3,
                     [{file,"mod_esi.erl"},{line,388}]},
                 {mod_esi,erl_scheme_webpage_chunk,5,
                     [{file,"mod_esi.erl"},{line,377}]},
                 {mod_esi,generate_webpage,7,
                     [{file,"mod_esi.erl"},{line,306}]},
                 {httpd_response,traverse_modules,2,
                     [{file,"httpd_response.erl"},{line,72}]},
                 {httpd_response,generate_and_send_response,1,
                     [{file,"httpd_response.erl"},{line,40}]},
                 {httpd_request_handler,handle_response,1,
                     [{file,"httpd_request_handler.erl"},{line,531}]},
                 {gen_server,try_dispatch,4,
                     [{file,"gen_server.erl"},{line,593}]}]
[08/Jun/2015:05:26:51 +0300], module traverse failed: mod_esi:do => 
   Error Type:  exit
   Error:       {mod_esi_linked_process_died,<0.108.0>,normal}
   Stack trace: [{mod_esi,receive_headers,1,[{file,"mod_esi.erl"},{line,437}]},
                 {mod_esi,deliver_webpage_chunk,3,
                     [{file,"mod_esi.erl"},{line,388}]},
                 {mod_esi,erl_scheme_webpage_chunk,5,
                     [{file,"mod_esi.erl"},{line,377}]},
                 {mod_esi,generate_webpage,7,
                     [{file,"mod_esi.erl"},{line,306}]},
                 {httpd_response,traverse_modules,2,
                     [{file,"httpd_response.erl"},{line,72}]},
                 {httpd_response,generate_and_send_response,1,
                     [{file,"httpd_response.erl"},{line,40}]},
                 {httpd_request_handler,handle_response,1,
                     [{file,"httpd_request_handler.erl"},{line,531}]},
                 {gen_server,try_dispatch,4,
                     [{file,"gen_server.erl"},{line,593}]}]
[08/Jun/2015:05:26:52 +0300], module traverse failed: mod_esi:do => 
   Error Type:  exit
   Error:       {mod_esi_linked_process_died,<0.109.0>,normal}
   Stack trace: [{mod_esi,receive_headers,1,[{file,"mod_esi.erl"},{line,437}]},
                 {mod_esi,deliver_webpage_chunk,3,
                     [{file,"mod_esi.erl"},{line,388}]},
                 {mod_esi,erl_scheme_webpage_chunk,5,
                     [{file,"mod_esi.erl"},{line,377}]},
                 {mod_esi,generate_webpage,7,
                     [{file,"mod_esi.erl"},{line,306}]},
                 {httpd_response,traverse_modules,2,
                     [{file,"httpd_response.erl"},{line,72}]},
                 {httpd_response,generate_and_send_response,1,
                     [{file,"httpd_response.erl"},{line,40}]},
                 {httpd_request_handler,handle_response,1,
                     [{file,"httpd_request_handler.erl"},{line,531}]},
                 {gen_server,try_dispatch,4,
                     [{file,"gen_server.erl"},{line,593}]}]
[08/Jun/2015:05:26:53 +0300], module traverse failed: mod_esi:do => 
   Error Type:  exit
   Error:       {mod_esi_linked_process_died,<0.110.0>,normal}
   Stack trace: [{mod_esi,receive_headers,1,[{file,"mod_esi.erl"},{line,437}]},
                 {mod_esi,deliver_webpage_chunk,3,
                     [{file,"mod_esi.erl"},{line,388}]},
                 {mod_esi,erl_scheme_webpage_chunk,5,
                     [{file,"mod_esi.erl"},{line,377}]},
                 {mod_esi,generate_webpage,7,
                     [{file,"mod_esi.erl"},{line,306}]},
                 {httpd_response,traverse_modules,2,
                     [{file,"httpd_response.erl"},{line,72}]},
                 {httpd_response,generate_and_send_response,1,
                     [{file,"httpd_response.erl"},{line,40}]},
                 {httpd_request_handler,handle_response,1,
                     [{file,"httpd_request_handler.erl"},{line,531}]},
                 {gen_server,try_dispatch,4,
                     [{file,"gen_server.erl"},{line,593}]}]
[08/Jun/2015:05:26:54 +0300], module traverse failed: mod_esi:do => 
   Error Type:  exit
   Error:       {mod_esi_linked_process_died,<0.111.0>,normal}
   Stack trace: [{mod_esi,receive_headers,1,[{file,"mod_esi.erl"},{line,437}]},
                 {mod_esi,deliver_webpage_chunk,3,
                     [{file,"mod_esi.erl"},{line,388}]},
                 {mod_esi,erl_scheme_webpage_chunk,5,
                     [{file,"mod_esi.erl"},{line,377}]},
                 {mod_esi,generate_webpage,7,
                     [{file,"mod_esi.erl"},{line,306}]},
                 {httpd_response,traverse_modules,2,
                     [{file,"httpd_response.erl"},{line,72}]},
                 {httpd_response,generate_and_send_response,1,
                     [{file,"httpd_response.erl"},{line,40}]},
                 {httpd_request_handler,handle_response,1,
                     [{file,"httpd_request_handler.erl"},{line,531}]},
                 {gen_server,try_dispatch,4,
                     [{file,"gen_server.erl"},{line,593}]}]
[08/Jun/2015:05:26:55 +0300], module traverse failed: mod_esi:do => 
   Error Type:  exit
   Error:       {mod_esi_linked_process_died,<0.112.0>,normal}
   Stack trace: [{mod_esi,receive_headers,1,[{file,"mod_esi.erl"},{line,437}]},
                 {mod_esi,deliver_webpage_chunk,3,
                     [{file,"mod_esi.erl"},{line,388}]},
                 {mod_esi,erl_scheme_webpage_chunk,5,
                     [{file,"mod_esi.erl"},{line,377}]},
                 {mod_esi,generate_webpage,7,
                     [{file,"mod_esi.erl"},{line,306}]},
                 {httpd_response,traverse_modules,2,
                     [{file,"httpd_response.erl"},{line,72}]},
                 {httpd_response,generate_and_send_response,1,
                     [{file,"httpd_response.erl"},{line,40}]},
                 {httpd_request_handler,handle_response,1,
                     [{file,"httpd_request_handler.erl"},{line,531}]},
                 {gen_server,try_dispatch,4,
                     [{file,"gen_server.erl"},{line,593}]}]
[08/Jun/2015:05:26:56 +0300], module traverse failed: mod_esi:do => 
   Error Type:  exit
   Error:       {mod_esi_linked_process_died,<0.113.0>,normal}
   Stack trace: [{mod_esi,receive_headers,1,[{file,"mod_esi.erl"},{line,437}]},
                 {mod_esi,deliver_webpage_chunk,3,
                     [{file,"mod_esi.erl"},{line,388}]},
                 {mod_esi,erl_scheme_webpage_chunk,5,
                     [{file,"mod_esi.erl"},{line,377}]},
                 {mod_esi,generate_webpage,7,
                     [{file,"mod_esi.erl"},{line,306}]},
                 {httpd_response,traverse_modules,2,
                     [{file,"httpd_response.erl"},{line,72}]},
                 {httpd_response,generate_and_send_response,1,
                     [{file,"httpd_response.erl"},{line,40}]},
                 {httpd_request_handler,handle_response,1,
                     [{file,"httpd_request_handler.erl"},{line,531}]},
                 {gen_server,try_dispatch,4,
                     [{file,"gen_server.erl"},{line,593}]}]
